<?xml version="1.0" encoding="UTF-8"?>
<!-- Generated by org.testng.reporters.JUnitReportReporter -->
<testsuite hostname="IITC-WS-NB45" name="pkg.Parallel" tests="1" failures="0" timestamp="2 Jan 2017 08:54:00 GMT" time="8.123" errors="0">
  <testcase name="abc" time="8.123" classname="pkg.Parallel"/>
</testsuite> <!-- pkg.Parallel -->
